# JRE version: OpenJDK Runtime Environment (21.0.6) (build 21.0.6+-13355223-b631.42)
# Java VM: OpenJDK 64-Bit Server VM (21.0.6+-13355223-b631.42, mixed mode, tiered, compressed oops, compressed class ptrs, g1 gc, windows-amd64)
GC Precious Log:
 CardTable entry size: 512
 Card Set container configuration: InlinePtr #cards 5 size 8 Array Of Cards #cards 12 size 40 Howl #buckets 4 coarsen threshold 1843 Howl Bitmap #cards 512 size 80 coarsen threshold 460 Card regions per heap region 1 cards per card region 2048
 CPUs: 8 total, 8 available
 Memory: 6081M
 Large Page Support: Disabled
 NUMA Support: Disabled
 Compressed Oops: Enabled (32-bit)
 Heap Region Size: 1M
 Heap Min Capacity: 8M
 Heap Initial Capacity: 96M
 Heap Max Capacity: 2G
 Pre-touch: Disabled
 Parallel Workers: 8
 Concurrent Workers: 2
 Concurrent Refinement Workers: 8
 Periodic GC: Disabled
Heap:
 garbage-first heap   total 199680K, used 141520K [0x0000000080000000, 0x0000000100000000)
  region size 1024K, 26 young (26624K), 5 survivors (5120K)
 Metaspace       used 120553K, committed 122688K, reserved 1179648K
  class space    used 16512K, committed 17600K, reserved 1048576K
GC Heap History (20 events):
Event: 16.128 GC heap before
{Heap before GC invocations=37 (full 0):
 garbage-first heap   total 175104K, used 150738K [0x0000000080000000, 0x0000000100000000)
  region size 1024K, 63 young (64512K), 6 survivors (6144K)
 Metaspace       used 91300K, committed 93248K, reserved 1179648K
  class space    used 12273K, committed 13248K, reserved 1048576K
}
Event: 16.135 GC heap after
{Heap after GC invocations=38 (full 0):
 garbage-first heap   total 175104K, used 95162K [0x0000000080000000, 0x0000000100000000)
  region size 1024K, 3 young (3072K), 3 survivors (3072K)
 Metaspace       used 91300K, committed 93248K, reserved 1179648K
  class space    used 12273K, committed 13248K, reserved 1048576K
}
Event: 17.236 GC heap before
{Heap before GC invocations=38 (full 0):
 garbage-first heap   total 175104K, used 154554K [0x0000000080000000, 0x0000000100000000)
  region size 1024K, 61 young (62464K), 3 survivors (3072K)
 Metaspace       used 95972K, committed 97984K, reserved 1179648K
  class space    used 13051K, committed 14080K, reserved 1048576K
}
Event: 17.242 GC heap after
{Heap after GC invocations=39 (full 0):
 garbage-first heap   total 175104K, used 97587K [0x0000000080000000, 0x0000000100000000)
  region size 1024K, 5 young (5120K), 5 survivors (5120K)
 Metaspace       used 95972K, committed 97984K, reserved 1179648K
  class space    used 13051K, committed 14080K, reserved 1048576K
}
Event: 18.487 GC heap before
{Heap before GC invocations=39 (full 0):
 garbage-first heap   total 175104K, used 156979K [0x0000000080000000, 0x0000000100000000)
  region size 1024K, 63 young (64512K), 5 survivors (5120K)
 Metaspace       used 100145K, committed 102144K, reserved 1179648K
  class space    used 13638K, committed 14656K, reserved 1048576K
}
Event: 18.503 GC heap after
{Heap after GC invocations=40 (full 0):
 garbage-first heap   total 175104K, used 101732K [0x0000000080000000, 0x0000000100000000)
  region size 1024K, 7 young (7168K), 7 survivors (7168K)
 Metaspace       used 100145K, committed 102144K, reserved 1179648K
  class space    used 13638K, committed 14656K, reserved 1048576K
}
Event: 19.853 GC heap before
{Heap before GC invocations=41 (full 0):
 garbage-first heap   total 175104K, used 157028K [0x0000000080000000, 0x0000000100000000)
  region size 1024K, 61 young (62464K), 7 survivors (7168K)
 Metaspace       used 104875K, committed 106880K, reserved 1179648K
  class space    used 14331K, committed 15360K, reserved 1048576K
}
Event: 19.868 GC heap after
{Heap after GC invocations=42 (full 0):
 garbage-first heap   total 175104K, used 105076K [0x0000000080000000, 0x0000000100000000)
  region size 1024K, 8 young (8192K), 8 survivors (8192K)
 Metaspace       used 104875K, committed 106880K, reserved 1179648K
  class space    used 14331K, committed 15360K, reserved 1048576K
}
Event: 21.353 GC heap before
{Heap before GC invocations=42 (full 0):
 garbage-first heap   total 175104K, used 155252K [0x0000000080000000, 0x0000000100000000)
  region size 1024K, 57 young (58368K), 8 survivors (8192K)
 Metaspace       used 108108K, committed 110208K, reserved 1179648K
  class space    used 14835K, committed 15872K, reserved 1048576K
}
Event: 21.371 GC heap after
{Heap after GC invocations=43 (full 0):
 garbage-first heap   total 175104K, used 108544K [0x0000000080000000, 0x0000000100000000)
  region size 1024K, 8 young (8192K), 8 survivors (8192K)
 Metaspace       used 108108K, committed 110208K, reserved 1179648K
  class space    used 14835K, committed 15872K, reserved 1048576K
}
Event: 21.752 GC heap before
{Heap before GC invocations=43 (full 0):
 garbage-first heap   total 175104K, used 155648K [0x0000000080000000, 0x0000000100000000)
  region size 1024K, 55 young (56320K), 8 survivors (8192K)
 Metaspace       used 108402K, committed 110464K, reserved 1179648K
  class space    used 14891K, committed 15936K, reserved 1048576K
}
Event: 21.773 GC heap after
{Heap after GC invocations=44 (full 0):
 garbage-first heap   total 175104K, used 113282K [0x0000000080000000, 0x0000000100000000)
  region size 1024K, 6 young (6144K), 6 survivors (6144K)
 Metaspace       used 108402K, committed 110464K, reserved 1179648K
  class space    used 14891K, committed 15936K, reserved 1048576K
}
Event: 22.459 GC heap before
{Heap before GC invocations=45 (full 0):
 garbage-first heap   total 189440K, used 157314K [0x0000000080000000, 0x0000000100000000)
  region size 1024K, 50 young (51200K), 6 survivors (6144K)
 Metaspace       used 108673K, committed 110784K, reserved 1179648K
  class space    used 14927K, committed 16000K, reserved 1048576K
}
Event: 22.466 GC heap after
{Heap after GC invocations=46 (full 0):
 garbage-first heap   total 189440K, used 114866K [0x0000000080000000, 0x0000000100000000)
  region size 1024K, 5 young (5120K), 5 survivors (5120K)
 Metaspace       used 108673K, committed 110784K, reserved 1179648K
  class space    used 14927K, committed 16000K, reserved 1048576K
}
Event: 23.507 GC heap before
{Heap before GC invocations=46 (full 0):
 garbage-first heap   total 189440K, used 170162K [0x0000000080000000, 0x0000000100000000)
  region size 1024K, 60 young (61440K), 5 survivors (5120K)
 Metaspace       used 111476K, committed 113600K, reserved 1179648K
  class space    used 15261K, committed 16320K, reserved 1048576K
}
Event: 23.543 GC heap after
{Heap after GC invocations=47 (full 0):
 garbage-first heap   total 189440K, used 116844K [0x0000000080000000, 0x0000000100000000)
  region size 1024K, 7 young (7168K), 7 survivors (7168K)
 Metaspace       used 111476K, committed 113600K, reserved 1179648K
  class space    used 15261K, committed 16320K, reserved 1048576K
}
Event: 24.044 GC heap before
{Heap before GC invocations=47 (full 0):
 garbage-first heap   total 189440K, used 170092K [0x0000000080000000, 0x0000000100000000)
  region size 1024K, 60 young (61440K), 7 survivors (7168K)
 Metaspace       used 112451K, committed 114496K, reserved 1179648K
  class space    used 15411K, committed 16448K, reserved 1048576K
}
Event: 24.070 GC heap after
{Heap after GC invocations=48 (full 0):
 garbage-first heap   total 189440K, used 119412K [0x0000000080000000, 0x0000000100000000)
  region size 1024K, 5 young (5120K), 5 survivors (5120K)
 Metaspace       used 112451K, committed 114496K, reserved 1179648K
  class space    used 15411K, committed 16448K, reserved 1048576K
}
Event: 36.505 GC heap before
{Heap before GC invocations=49 (full 0):
 garbage-first heap   total 199680K, used 176756K [0x0000000080000000, 0x0000000100000000)
  region size 1024K, 57 young (58368K), 5 survivors (5120K)
 Metaspace       used 117630K, committed 119808K, reserved 1179648K
  class space    used 16047K, committed 17152K, reserved 1048576K
}
Event: 36.527 GC heap after
{Heap after GC invocations=50 (full 0):
 garbage-first heap   total 199680K, used 122064K [0x0000000080000000, 0x0000000100000000)
  region size 1024K, 5 young (5120K), 5 survivors (5120K)
 Metaspace       used 117630K, committed 119808K, reserved 1179648K
  class space    used 16047K, committed 17152K, reserved 1048576K
}

