# JRE version: OpenJDK Runtime Environment (21.0.6) (build 21.0.6+-13355223-b631.42)
# Java VM: OpenJDK 64-Bit Server VM (21.0.6+-13355223-b631.42, mixed mode, tiered, compressed oops, compressed class ptrs, g1 gc, windows-amd64)
GC Precious Log:
 CardTable entry size: 512
 Card Set container configuration: InlinePtr #cards 5 size 8 Array Of Cards #cards 12 size 40 Howl #buckets 4 coarsen threshold 1843 Howl Bitmap #cards 512 size 80 coarsen threshold 460 Card regions per heap region 1 cards per card region 2048
 CPUs: 8 total, 8 available
 Memory: 6081M
 Large Page Support: Disabled
 NUMA Support: Disabled
 Compressed Oops: Enabled (32-bit)
 Heap Region Size: 1M
 Heap Min Capacity: 8M
 Heap Initial Capacity: 96M
 Heap Max Capacity: 2G
 Pre-touch: Disabled
 Parallel Workers: 8
 Concurrent Workers: 2
 Concurrent Refinement Workers: 8
 Periodic GC: Disabled
Heap:
 garbage-first heap   total 113664K, used 74796K [0x0000000080000000, 0x0000000100000000)
  region size 1024K, 4 young (4096K), 1 survivors (1024K)
 Metaspace       used 67912K, committed 69568K, reserved 1114112K
  class space    used 9215K, committed 10048K, reserved 1048576K
GC Heap History (20 events):
Event: 8.884 GC heap before
{Heap before GC invocations=17 (full 0):
 garbage-first heap   total 75776K, used 64554K [0x0000000080000000, 0x0000000100000000)
  region size 1024K, 29 young (29696K), 4 survivors (4096K)
 Metaspace       used 63558K, committed 65152K, reserved 1114112K
  class space    used 8698K, committed 9472K, reserved 1048576K
}
Event: 8.889 GC heap after
{Heap after GC invocations=18 (full 0):
 garbage-first heap   total 75776K, used 41444K [0x0000000080000000, 0x0000000100000000)
  region size 1024K, 4 young (4096K), 4 survivors (4096K)
 Metaspace       used 63558K, committed 65152K, reserved 1114112K
  class space    used 8698K, committed 9472K, reserved 1048576K
}
Event: 9.525 GC heap before
{Heap before GC invocations=19 (full 0):
 garbage-first heap   total 75776K, used 63972K [0x0000000080000000, 0x0000000100000000)
  region size 1024K, 27 young (27648K), 4 survivors (4096K)
 Metaspace       used 64914K, committed 66560K, reserved 1114112K
  class space    used 8874K, committed 9664K, reserved 1048576K
}
Event: 9.531 GC heap after
{Heap after GC invocations=20 (full 0):
 garbage-first heap   total 75776K, used 44435K [0x0000000080000000, 0x0000000100000000)
  region size 1024K, 4 young (4096K), 4 survivors (4096K)
 Metaspace       used 64914K, committed 66560K, reserved 1114112K
  class space    used 8874K, committed 9664K, reserved 1048576K
}
Event: 9.725 GC heap before
{Heap before GC invocations=20 (full 0):
 garbage-first heap   total 75776K, used 64915K [0x0000000080000000, 0x0000000100000000)
  region size 1024K, 25 young (25600K), 4 survivors (4096K)
 Metaspace       used 65284K, committed 66880K, reserved 1114112K
  class space    used 8918K, committed 9728K, reserved 1048576K
}
Event: 9.731 GC heap after
{Heap after GC invocations=21 (full 0):
 garbage-first heap   total 75776K, used 47847K [0x0000000080000000, 0x0000000100000000)
  region size 1024K, 4 young (4096K), 4 survivors (4096K)
 Metaspace       used 65284K, committed 66880K, reserved 1114112K
  class space    used 8918K, committed 9728K, reserved 1048576K
}
Event: 9.924 GC heap before
{Heap before GC invocations=21 (full 0):
 garbage-first heap   total 75776K, used 65255K [0x0000000080000000, 0x0000000100000000)
  region size 1024K, 22 young (22528K), 4 survivors (4096K)
 Metaspace       used 65603K, committed 67200K, reserved 1114112K
  class space    used 8945K, committed 9728K, reserved 1048576K
}
Event: 9.929 GC heap after
{Heap after GC invocations=22 (full 0):
 garbage-first heap   total 75776K, used 48714K [0x0000000080000000, 0x0000000100000000)
  region size 1024K, 3 young (3072K), 3 survivors (3072K)
 Metaspace       used 65603K, committed 67200K, reserved 1114112K
  class space    used 8945K, committed 9728K, reserved 1048576K
}
Event: 10.123 GC heap before
{Heap before GC invocations=23 (full 0):
 garbage-first heap   total 81920K, used 67146K [0x0000000080000000, 0x0000000100000000)
  region size 1024K, 22 young (22528K), 3 survivors (3072K)
 Metaspace       used 65767K, committed 67392K, reserved 1114112K
  class space    used 8945K, committed 9728K, reserved 1048576K
}
Event: 10.128 GC heap after
{Heap after GC invocations=24 (full 0):
 garbage-first heap   total 81920K, used 49634K [0x0000000080000000, 0x0000000100000000)
  region size 1024K, 3 young (3072K), 3 survivors (3072K)
 Metaspace       used 65767K, committed 67392K, reserved 1114112K
  class space    used 8945K, committed 9728K, reserved 1048576K
}
Event: 10.278 GC heap before
{Heap before GC invocations=24 (full 0):
 garbage-first heap   total 81920K, used 72162K [0x0000000080000000, 0x0000000100000000)
  region size 1024K, 26 young (26624K), 3 survivors (3072K)
 Metaspace       used 65881K, committed 67456K, reserved 1114112K
  class space    used 8945K, committed 9728K, reserved 1048576K
}
Event: 10.283 GC heap after
{Heap after GC invocations=25 (full 0):
 garbage-first heap   total 81920K, used 49177K [0x0000000080000000, 0x0000000100000000)
  region size 1024K, 3 young (3072K), 3 survivors (3072K)
 Metaspace       used 65881K, committed 67456K, reserved 1114112K
  class space    used 8945K, committed 9728K, reserved 1048576K
}
Event: 10.387 GC heap before
{Heap before GC invocations=25 (full 0):
 garbage-first heap   total 81920K, used 71705K [0x0000000080000000, 0x0000000100000000)
  region size 1024K, 26 young (26624K), 3 survivors (3072K)
 Metaspace       used 65910K, committed 67520K, reserved 1114112K
  class space    used 8945K, committed 9728K, reserved 1048576K
}
Event: 10.391 GC heap after
{Heap after GC invocations=26 (full 0):
 garbage-first heap   total 100352K, used 50113K [0x0000000080000000, 0x0000000100000000)
  region size 1024K, 3 young (3072K), 3 survivors (3072K)
 Metaspace       used 65910K, committed 67520K, reserved 1114112K
  class space    used 8945K, committed 9728K, reserved 1048576K
}
Event: 10.596 GC heap before
{Heap before GC invocations=27 (full 0):
 garbage-first heap   total 100352K, used 88001K [0x0000000080000000, 0x0000000100000000)
  region size 1024K, 41 young (41984K), 3 survivors (3072K)
 Metaspace       used 65927K, committed 67520K, reserved 1114112K
  class space    used 8945K, committed 9728K, reserved 1048576K
}
Event: 10.599 GC heap after
{Heap after GC invocations=28 (full 0):
 garbage-first heap   total 100352K, used 51206K [0x0000000080000000, 0x0000000100000000)
  region size 1024K, 5 young (5120K), 5 survivors (5120K)
 Metaspace       used 65927K, committed 67520K, reserved 1114112K
  class space    used 8945K, committed 9728K, reserved 1048576K
}
Event: 11.267 GC heap before
{Heap before GC invocations=28 (full 0):
 garbage-first heap   total 100352K, used 98310K [0x0000000080000000, 0x0000000100000000)
  region size 1024K, 38 young (38912K), 5 survivors (5120K)
 Metaspace       used 67691K, committed 69312K, reserved 1114112K
  class space    used 9189K, committed 9984K, reserved 1048576K
}
Event: 11.275 GC heap after
{Heap after GC invocations=29 (full 0):
 garbage-first heap   total 113664K, used 71161K [0x0000000080000000, 0x0000000100000000)
  region size 1024K, 6 young (6144K), 6 survivors (6144K)
 Metaspace       used 67691K, committed 69312K, reserved 1114112K
  class space    used 9189K, committed 9984K, reserved 1048576K
}
Event: 11.280 GC heap before
{Heap before GC invocations=29 (full 0):
 garbage-first heap   total 113664K, used 71161K [0x0000000080000000, 0x0000000100000000)
  region size 1024K, 7 young (7168K), 6 survivors (6144K)
 Metaspace       used 67705K, committed 69312K, reserved 1114112K
  class space    used 9190K, committed 9984K, reserved 1048576K
}
Event: 11.283 GC heap after
{Heap after GC invocations=30 (full 0):
 garbage-first heap   total 113664K, used 71724K [0x0000000080000000, 0x0000000100000000)
  region size 1024K, 1 young (1024K), 1 survivors (1024K)
 Metaspace       used 67705K, committed 69312K, reserved 1114112K
  class space    used 9190K, committed 9984K, reserved 1048576K
}

