# JRE version: OpenJDK Runtime Environment (21.0.6) (build 21.0.6+-13355223-b631.42)
# Java VM: OpenJDK 64-Bit Server VM (21.0.6+-13355223-b631.42, mixed mode, tiered, compressed oops, compressed class ptrs, g1 gc, windows-amd64)
GC Precious Log:
 CardTable entry size: 512
 Card Set container configuration: InlinePtr #cards 5 size 8 Array Of Cards #cards 12 size 40 Howl #buckets 4 coarsen threshold 1843 Howl Bitmap #cards 512 size 80 coarsen threshold 460 Card regions per heap region 1 cards per card region 2048
 CPUs: 8 total, 8 available
 Memory: 6081M
 Large Page Support: Disabled
 NUMA Support: Disabled
 Compressed Oops: Enabled (32-bit)
 Heap Region Size: 1M
 Heap Min Capacity: 8M
 Heap Initial Capacity: 96M
 Heap Max Capacity: 2G
 Pre-touch: Disabled
 Parallel Workers: 8
 Concurrent Workers: 2
 Concurrent Refinement Workers: 8
 Periodic GC: Disabled
Heap:
 garbage-first heap   total 75776K, used 37534K [0x0000000080000000, 0x0000000100000000)
  region size 1024K, 5 young (5120K), 2 survivors (2048K)
 Metaspace       used 47365K, committed 48576K, reserved 1114112K
  class space    used 6329K, committed 6912K, reserved 1048576K
GC Heap History (20 events):
Event: 0.934 GC heap before
{Heap before GC invocations=0 (full 0):
 garbage-first heap   total 98304K, used 26624K [0x0000000080000000, 0x0000000100000000)
  region size 1024K, 23 young (23552K), 0 survivors (0K)
 Metaspace       used 8201K, committed 8384K, reserved 1114112K
  class space    used 739K, committed 832K, reserved 1048576K
}
Event: 0.942 GC heap after
{Heap after GC invocations=1 (full 0):
 garbage-first heap   total 98304K, used 10752K [0x0000000080000000, 0x0000000100000000)
  region size 1024K, 3 young (3072K), 3 survivors (3072K)
 Metaspace       used 8201K, committed 8384K, reserved 1114112K
  class space    used 739K, committed 832K, reserved 1048576K
}
Event: 2.057 GC heap before
{Heap before GC invocations=1 (full 0):
 garbage-first heap   total 98304K, used 39424K [0x0000000080000000, 0x0000000100000000)
  region size 1024K, 32 young (32768K), 3 survivors (3072K)
 Metaspace       used 12065K, committed 12288K, reserved 1114112K
  class space    used 1268K, committed 1408K, reserved 1048576K
}
Event: 2.063 GC heap after
{Heap after GC invocations=2 (full 0):
 garbage-first heap   total 98304K, used 12251K [0x0000000080000000, 0x0000000100000000)
  region size 1024K, 2 young (2048K), 2 survivors (2048K)
 Metaspace       used 12065K, committed 12288K, reserved 1114112K
  class space    used 1268K, committed 1408K, reserved 1048576K
}
Event: 3.717 GC heap before
{Heap before GC invocations=2 (full 0):
 garbage-first heap   total 98304K, used 69595K [0x0000000080000000, 0x0000000100000000)
  region size 1024K, 57 young (58368K), 2 survivors (2048K)
 Metaspace       used 19423K, committed 19712K, reserved 1114112K
  class space    used 2173K, committed 2304K, reserved 1048576K
}
Event: 3.728 GC heap after
{Heap after GC invocations=3 (full 0):
 garbage-first heap   total 98304K, used 19990K [0x0000000080000000, 0x0000000100000000)
  region size 1024K, 8 young (8192K), 8 survivors (8192K)
 Metaspace       used 19423K, committed 19712K, reserved 1114112K
  class space    used 2173K, committed 2304K, reserved 1048576K
}
Event: 4.035 GC heap before
{Heap before GC invocations=3 (full 0):
 garbage-first heap   total 98304K, used 29206K [0x0000000080000000, 0x0000000100000000)
  region size 1024K, 18 young (18432K), 8 survivors (8192K)
 Metaspace       used 21151K, committed 21504K, reserved 1114112K
  class space    used 2428K, committed 2624K, reserved 1048576K
}
Event: 4.044 GC heap after
{Heap after GC invocations=4 (full 0):
 garbage-first heap   total 98304K, used 21574K [0x0000000080000000, 0x0000000100000000)
  region size 1024K, 2 young (2048K), 2 survivors (2048K)
 Metaspace       used 21151K, committed 21504K, reserved 1114112K
  class space    used 2428K, committed 2624K, reserved 1048576K
}
Event: 5.681 GC heap before
{Heap before GC invocations=5 (full 0):
 garbage-first heap   total 75776K, used 64582K [0x0000000080000000, 0x0000000100000000)
  region size 1024K, 44 young (45056K), 2 survivors (2048K)
 Metaspace       used 28391K, committed 28928K, reserved 1114112K
  class space    used 3576K, committed 3840K, reserved 1048576K
}
Event: 5.685 GC heap after
{Heap after GC invocations=6 (full 0):
 garbage-first heap   total 75776K, used 23714K [0x0000000080000000, 0x0000000100000000)
  region size 1024K, 4 young (4096K), 4 survivors (4096K)
 Metaspace       used 28391K, committed 28928K, reserved 1114112K
  class space    used 3576K, committed 3840K, reserved 1048576K
}
Event: 6.788 GC heap before
{Heap before GC invocations=6 (full 0):
 garbage-first heap   total 75776K, used 58530K [0x0000000080000000, 0x0000000100000000)
  region size 1024K, 39 young (39936K), 4 survivors (4096K)
 Metaspace       used 33260K, committed 34112K, reserved 1114112K
  class space    used 4393K, committed 4800K, reserved 1048576K
}
Event: 6.795 GC heap after
{Heap after GC invocations=7 (full 0):
 garbage-first heap   total 75776K, used 25627K [0x0000000080000000, 0x0000000100000000)
  region size 1024K, 5 young (5120K), 5 survivors (5120K)
 Metaspace       used 33260K, committed 34112K, reserved 1114112K
  class space    used 4393K, committed 4800K, reserved 1048576K
}
Event: 7.123 GC heap before
{Heap before GC invocations=7 (full 0):
 garbage-first heap   total 75776K, used 39963K [0x0000000080000000, 0x0000000100000000)
  region size 1024K, 20 young (20480K), 5 survivors (5120K)
 Metaspace       used 35230K, committed 36096K, reserved 1114112K
  class space    used 4700K, committed 5120K, reserved 1048576K
}
Event: 7.128 GC heap after
{Heap after GC invocations=8 (full 0):
 garbage-first heap   total 75776K, used 26576K [0x0000000080000000, 0x0000000100000000)
  region size 1024K, 4 young (4096K), 4 survivors (4096K)
 Metaspace       used 35230K, committed 36096K, reserved 1114112K
  class space    used 4700K, committed 5120K, reserved 1048576K
}
Event: 7.854 GC heap before
{Heap before GC invocations=9 (full 0):
 garbage-first heap   total 75776K, used 63440K [0x0000000080000000, 0x0000000100000000)
  region size 1024K, 40 young (40960K), 4 survivors (4096K)
 Metaspace       used 40388K, committed 41536K, reserved 1114112K
  class space    used 5528K, committed 6080K, reserved 1048576K
}
Event: 7.859 GC heap after
{Heap after GC invocations=10 (full 0):
 garbage-first heap   total 75776K, used 28963K [0x0000000080000000, 0x0000000100000000)
  region size 1024K, 3 young (3072K), 3 survivors (3072K)
 Metaspace       used 40388K, committed 41536K, reserved 1114112K
  class space    used 5528K, committed 6080K, reserved 1048576K
}
Event: 8.365 GC heap before
{Heap before GC invocations=10 (full 0):
 garbage-first heap   total 75776K, used 63779K [0x0000000080000000, 0x0000000100000000)
  region size 1024K, 38 young (38912K), 3 survivors (3072K)
 Metaspace       used 45273K, committed 46464K, reserved 1114112K
  class space    used 6001K, committed 6592K, reserved 1048576K
}
Event: 8.371 GC heap after
{Heap after GC invocations=11 (full 0):
 garbage-first heap   total 75776K, used 33240K [0x0000000080000000, 0x0000000100000000)
  region size 1024K, 5 young (5120K), 5 survivors (5120K)
 Metaspace       used 45273K, committed 46464K, reserved 1114112K
  class space    used 6001K, committed 6592K, reserved 1048576K
}
Event: 8.736 GC heap before
{Heap before GC invocations=11 (full 0):
 garbage-first heap   total 75776K, used 64984K [0x0000000080000000, 0x0000000100000000)
  region size 1024K, 36 young (36864K), 5 survivors (5120K)
 Metaspace       used 47088K, committed 48320K, reserved 1114112K
  class space    used 6278K, committed 6912K, reserved 1048576K
}
Event: 8.741 GC heap after
{Heap after GC invocations=12 (full 0):
 garbage-first heap   total 75776K, used 35486K [0x0000000080000000, 0x0000000100000000)
  region size 1024K, 2 young (2048K), 2 survivors (2048K)
 Metaspace       used 47088K, committed 48320K, reserved 1114112K
  class space    used 6278K, committed 6912K, reserved 1048576K
}

