# JRE version: OpenJDK Runtime Environment (21.0.6) (build 21.0.6+-13355223-b631.42)
# Java VM: OpenJDK 64-Bit Server VM (21.0.6+-13355223-b631.42, mixed mode, tiered, compressed oops, compressed class ptrs, g1 gc, windows-amd64)
GC Precious Log:
 CardTable entry size: 512
 Card Set container configuration: InlinePtr #cards 5 size 8 Array Of Cards #cards 12 size 40 Howl #buckets 4 coarsen threshold 1843 Howl Bitmap #cards 512 size 80 coarsen threshold 460 Card regions per heap region 1 cards per card region 2048
 CPUs: 8 total, 8 available
 Memory: 6081M
 Large Page Support: Disabled
 NUMA Support: Disabled
 Compressed Oops: Enabled (32-bit)
 Heap Region Size: 1M
 Heap Min Capacity: 8M
 Heap Initial Capacity: 96M
 Heap Max Capacity: 2G
 Pre-touch: Disabled
 Parallel Workers: 8
 Concurrent Workers: 2
 Concurrent Refinement Workers: 8
 Periodic GC: Disabled
Heap:
 garbage-first heap   total 145408K, used 97368K [0x0000000080000000, 0x0000000100000000)
  region size 1024K, 14 young (14336K), 2 survivors (2048K)
 Metaspace       used 83807K, committed 85696K, reserved 1179648K
  class space    used 11273K, committed 12224K, reserved 1048576K
GC Heap History (20 events):
Event: 9.749 GC heap before
{Heap before GC invocations=19 (full 0):
 garbage-first heap   total 96256K, used 84683K [0x0000000080000000, 0x0000000100000000)
  region size 1024K, 41 young (41984K), 4 survivors (4096K)
 Metaspace       used 65948K, committed 67520K, reserved 1114112K
  class space    used 8945K, committed 9728K, reserved 1048576K
}
Event: 9.753 GC heap after
{Heap after GC invocations=20 (full 0):
 garbage-first heap   total 96256K, used 48584K [0x0000000080000000, 0x0000000100000000)
  region size 1024K, 4 young (4096K), 4 survivors (4096K)
 Metaspace       used 65948K, committed 67520K, reserved 1114112K
  class space    used 8945K, committed 9728K, reserved 1048576K
}
Event: 9.914 GC heap before
{Heap before GC invocations=21 (full 0):
 garbage-first heap   total 96256K, used 84424K [0x0000000080000000, 0x0000000100000000)
  region size 1024K, 40 young (40960K), 4 survivors (4096K)
 Metaspace       used 65967K, committed 67584K, reserved 1114112K
  class space    used 8945K, committed 9728K, reserved 1048576K
}
Event: 9.918 GC heap after
{Heap after GC invocations=22 (full 0):
 garbage-first heap   total 96256K, used 49420K [0x0000000080000000, 0x0000000100000000)
  region size 1024K, 4 young (4096K), 4 survivors (4096K)
 Metaspace       used 65967K, committed 67584K, reserved 1114112K
  class space    used 8945K, committed 9728K, reserved 1048576K
}
Event: 10.389 GC heap before
{Heap before GC invocations=22 (full 0):
 garbage-first heap   total 96256K, used 94476K [0x0000000080000000, 0x0000000100000000)
  region size 1024K, 35 young (35840K), 4 survivors (4096K)
 Metaspace       used 66843K, committed 68544K, reserved 1114112K
  class space    used 9091K, committed 9920K, reserved 1048576K
}
Event: 10.396 GC heap after
{Heap after GC invocations=23 (full 0):
 garbage-first heap   total 108544K, used 68633K [0x0000000080000000, 0x0000000100000000)
  region size 1024K, 5 young (5120K), 5 survivors (5120K)
 Metaspace       used 66843K, committed 68544K, reserved 1114112K
  class space    used 9091K, committed 9920K, reserved 1048576K
}
Event: 10.578 GC heap before
{Heap before GC invocations=23 (full 0):
 garbage-first heap   total 108544K, used 78873K [0x0000000080000000, 0x0000000100000000)
  region size 1024K, 17 young (17408K), 5 survivors (5120K)
 Metaspace       used 67732K, committed 69376K, reserved 1114112K
  class space    used 9186K, committed 9984K, reserved 1048576K
}
Event: 10.581 GC heap after
{Heap after GC invocations=24 (full 0):
 garbage-first heap   total 131072K, used 69706K [0x0000000080000000, 0x0000000100000000)
  region size 1024K, 2 young (2048K), 2 survivors (2048K)
 Metaspace       used 67732K, committed 69376K, reserved 1114112K
  class space    used 9186K, committed 9984K, reserved 1048576K
}
Event: 11.421 GC heap before
{Heap before GC invocations=25 (full 0):
 garbage-first heap   total 131072K, used 115786K [0x0000000080000000, 0x0000000100000000)
  region size 1024K, 47 young (48128K), 2 survivors (2048K)
 Metaspace       used 72038K, committed 73728K, reserved 1114112K
  class space    used 9683K, committed 10560K, reserved 1048576K
}
Event: 11.423 GC heap after
{Heap after GC invocations=26 (full 0):
 garbage-first heap   total 131072K, used 71988K [0x0000000080000000, 0x0000000100000000)
  region size 1024K, 3 young (3072K), 3 survivors (3072K)
 Metaspace       used 72038K, committed 73728K, reserved 1114112K
  class space    used 9683K, committed 10560K, reserved 1048576K
}
Event: 12.129 GC heap before
{Heap before GC invocations=26 (full 0):
 garbage-first heap   total 131072K, used 122164K [0x0000000080000000, 0x0000000100000000)
  region size 1024K, 48 young (49152K), 3 survivors (3072K)
 Metaspace       used 76567K, committed 78400K, reserved 1179648K
  class space    used 10311K, committed 11200K, reserved 1048576K
}
Event: 12.138 GC heap after
{Heap after GC invocations=27 (full 0):
 garbage-first heap   total 134144K, used 81711K [0x0000000080000000, 0x0000000100000000)
  region size 1024K, 6 young (6144K), 6 survivors (6144K)
 Metaspace       used 76567K, committed 78400K, reserved 1179648K
  class space    used 10311K, committed 11200K, reserved 1048576K
}
Event: 12.196 GC heap before
{Heap before GC invocations=27 (full 0):
 garbage-first heap   total 134144K, used 81711K [0x0000000080000000, 0x0000000100000000)
  region size 1024K, 7 young (7168K), 6 survivors (6144K)
 Metaspace       used 76570K, committed 78400K, reserved 1179648K
  class space    used 10311K, committed 11200K, reserved 1048576K
}
Event: 12.200 GC heap after
{Heap after GC invocations=28 (full 0):
 garbage-first heap   total 134144K, used 79925K [0x0000000080000000, 0x0000000100000000)
  region size 1024K, 1 young (1024K), 1 survivors (1024K)
 Metaspace       used 76570K, committed 78400K, reserved 1179648K
  class space    used 10311K, committed 11200K, reserved 1048576K
}
Event: 12.727 GC heap before
{Heap before GC invocations=29 (full 0):
 garbage-first heap   total 135168K, used 113717K [0x0000000080000000, 0x0000000100000000)
  region size 1024K, 34 young (34816K), 1 survivors (1024K)
 Metaspace       used 79088K, committed 80896K, reserved 1179648K
  class space    used 10656K, committed 11584K, reserved 1048576K
}
Event: 12.730 GC heap after
{Heap after GC invocations=30 (full 0):
 garbage-first heap   total 135168K, used 81377K [0x0000000080000000, 0x0000000100000000)
  region size 1024K, 3 young (3072K), 3 survivors (3072K)
 Metaspace       used 79088K, committed 80896K, reserved 1179648K
  class space    used 10656K, committed 11584K, reserved 1048576K
}
Event: 13.353 GC heap before
{Heap before GC invocations=30 (full 0):
 garbage-first heap   total 135168K, used 117217K [0x0000000080000000, 0x0000000100000000)
  region size 1024K, 38 young (38912K), 3 survivors (3072K)
 Metaspace       used 82706K, committed 84544K, reserved 1179648K
  class space    used 11114K, committed 12032K, reserved 1048576K
}
Event: 13.358 GC heap after
{Heap after GC invocations=31 (full 0):
 garbage-first heap   total 135168K, used 81777K [0x0000000080000000, 0x0000000100000000)
  region size 1024K, 4 young (4096K), 4 survivors (4096K)
 Metaspace       used 82706K, committed 84544K, reserved 1179648K
  class space    used 11114K, committed 12032K, reserved 1048576K
}
Event: 13.401 GC heap before
{Heap before GC invocations=31 (full 0):
 garbage-first heap   total 135168K, used 83825K [0x0000000080000000, 0x0000000100000000)
  region size 1024K, 7 young (7168K), 4 survivors (4096K)
 Metaspace       used 82900K, committed 84736K, reserved 1179648K
  class space    used 11149K, committed 12096K, reserved 1048576K
}
Event: 13.405 GC heap after
{Heap after GC invocations=32 (full 0):
 garbage-first heap   total 135168K, used 82008K [0x0000000080000000, 0x0000000100000000)
  region size 1024K, 2 young (2048K), 2 survivors (2048K)
 Metaspace       used 82900K, committed 84736K, reserved 1179648K
  class space    used 11149K, committed 12096K, reserved 1048576K
}

